F:\COCOS2D-2.1RC0-X-2.1.2\TANKWAR\PROJ.WIN32\DEBUG.WIN32\APPDELEGATE.OBJ
F:\COCOS2D-2.1RC0-X-2.1.2\TANKWAR\PROJ.WIN32\DEBUG.WIN32\BULLET.OBJ
F:\COCOS2D-2.1RC0-X-2.1.2\TANKWAR\PROJ.WIN32\DEBUG.WIN32\COMMON.OBJ
F:\COCOS2D-2.1RC0-X-2.1.2\TANKWAR\PROJ.WIN32\DEBUG.WIN32\JOYSTICK.OBJ
F:\COCOS2D-2.1RC0-X-2.1.2\TANKWAR\PROJ.WIN32\DEBUG.WIN32\MEDIATOR.OBJ
F:\COCOS2D-2.1RC0-X-2.1.2\TANKWAR\PROJ.WIN32\DEBUG.WIN32\PLAYSCENE.OBJ
F:\COCOS2D-2.1RC0-X-2.1.2\TANKWAR\PROJ.WIN32\DEBUG.WIN32\STARTSCENE.OBJ
F:\COCOS2D-2.1RC0-X-2.1.2\TANKWAR\PROJ.WIN32\DEBUG.WIN32\TANK.OBJ
F:\COCOS2D-2.1RC0-X-2.1.2\TANKWAR\PROJ.WIN32\DEBUG.WIN32\TMXMAP.OBJ
F:\COCOS2D-2.1RC0-X-2.1.2\TANKWAR\PROJ.WIN32\DEBUG.WIN32\VC110.PDB
F:\COCOS2D-2.1RC0-X-2.1.2\TANKWAR\PROJ.WIN32\DEBUG.WIN32\MAIN.OBJ
F:\COCOS2D-2.1RC0-X-2.1.2\TANKWAR\PROJ.WIN32\DEBUG.WIN32\TANKWAR.RES
F:\COCOS2D-2.1RC0-X-2.1.2\DEBUG.WIN32\TANKWAR.WIN32.ILK
F:\COCOS2D-2.1RC0-X-2.1.2\DEBUG.WIN32\TANKWAR.WIN32.EXE
F:\COCOS2D-2.1RC0-X-2.1.2\DEBUG.WIN32\TANKWAR.WIN32.PDB
F:\cocos2d-2.1rc0-x-2.1.2\TankWar\proj.win32\Debug.win32\Common.obj
F:\cocos2d-2.1rc0-x-2.1.2\TankWar\proj.win32\Debug.win32\main.obj
F:\cocos2d-2.1rc0-x-2.1.2\TankWar\proj.win32\Debug.win32\Bullet.obj
F:\cocos2d-2.1rc0-x-2.1.2\TankWar\proj.win32\Debug.win32\Mediator.obj
F:\cocos2d-2.1rc0-x-2.1.2\TankWar\proj.win32\Debug.win32\PlayScene.obj
F:\cocos2d-2.1rc0-x-2.1.2\TankWar\proj.win32\Debug.win32\StartScene.obj
F:\cocos2d-2.1rc0-x-2.1.2\TankWar\proj.win32\Debug.win32\Tank.obj
F:\cocos2d-2.1rc0-x-2.1.2\TankWar\proj.win32\Debug.win32\TmxMap.obj
F:\cocos2d-2.1rc0-x-2.1.2\TankWar\proj.win32\Debug.win32\AppDelegate.obj
F:\cocos2d-2.1rc0-x-2.1.2\TankWar\proj.win32\Debug.win32\Joystick.obj
F:\cocos2d-2.1rc0-x-2.1.2\TankWar\proj.win32\Debug.win32\link.8824-rc.read.1.tlog
F:\cocos2d-2.1rc0-x-2.1.2\TankWar\proj.win32\Debug.win32\link.8824-rc.write.1.tlog
F:\cocos2d-2.1rc0-x-2.1.2\TankWar\proj.win32\Debug.win32\link.8824-cvtres.read.1.tlog
F:\cocos2d-2.1rc0-x-2.1.2\TankWar\proj.win32\Debug.win32\link.8824-cvtres.write.1.tlog
F:\cocos2d-2.1rc0-x-2.1.2\TankWar\proj.win32\Debug.win32\link.8824.read.1.tlog
F:\cocos2d-2.1rc0-x-2.1.2\TankWar\proj.win32\Debug.win32\link.8824.write.1.tlog
F:\cocos2d-2.1rc0-x-2.1.2\TankWar\proj.win32\Debug.win32\CL.read.1.tlog
F:\cocos2d-2.1rc0-x-2.1.2\TankWar\proj.win32\Debug.win32\CL.write.1.tlog
F:\cocos2d-2.1rc0-x-2.1.2\TankWar\proj.win32\Debug.win32\cl.command.1.tlog
F:\cocos2d-2.1rc0-x-2.1.2\TankWar\proj.win32\Debug.win32\rc.read.1.tlog
F:\cocos2d-2.1rc0-x-2.1.2\TankWar\proj.win32\Debug.win32\rc.write.1.tlog
F:\cocos2d-2.1rc0-x-2.1.2\TankWar\proj.win32\Debug.win32\rc.command.1.tlog
F:\cocos2d-2.1rc0-x-2.1.2\TankWar\proj.win32\Debug.win32\link-rc.read.1.tlog
F:\cocos2d-2.1rc0-x-2.1.2\TankWar\proj.win32\Debug.win32\link-rc.write.1.tlog
F:\cocos2d-2.1rc0-x-2.1.2\TankWar\proj.win32\Debug.win32\link-cvtres.read.1.tlog
F:\cocos2d-2.1rc0-x-2.1.2\TankWar\proj.win32\Debug.win32\link-cvtres.write.1.tlog
F:\cocos2d-2.1rc0-x-2.1.2\TankWar\proj.win32\Debug.win32\link.read.1.tlog
F:\cocos2d-2.1rc0-x-2.1.2\TankWar\proj.win32\Debug.win32\link.write.1.tlog
F:\cocos2d-2.1rc0-x-2.1.2\TankWar\proj.win32\Debug.win32\link.command.1.tlog
F:\cocos2d-2.1rc0-x-2.1.2\TankWar\proj.win32\Debug.win32\TankWar.res
F:\cocos2d-2.1rc0-x-2.1.2\TankWar\proj.win32\Debug.win32\vc110.idb
F:\cocos2d-2.1rc0-x-2.1.2\TankWar\proj.win32\Debug.win32\vc110.pdb
F:\cocos2d-2.1rc0-x-2.1.2\Debug.win32\TankWar.win32.pdb
F:\cocos2d-2.1rc0-x-2.1.2\Debug.win32\TankWar.win32.exe
F:\cocos2d-2.1rc0-x-2.1.2\Debug.win32\TankWar.win32.ilk
